Determining if the pthread_create exist failed with the following output:
Change Dir: /home/yons/projects/realsense/CMakeFiles/CMakeTmp

Run Build Command:"/usr/bin/make" "cmTC_11304/fast"
/usr/bin/make -f CMakeFiles/cmTC_11304.dir/build.make CMakeFiles/cmTC_11304.dir/build
make[1]: Entering directory '/home/yons/projects/realsense/CMakeFiles/CMakeTmp'
Building C object CMakeFiles/cmTC_11304.dir/CheckSymbolExists.c.o
/usr/bin/cc    -o CMakeFiles/cmTC_11304.dir/CheckSymbolExists.c.o   -c /home/yons/projects/realsense/CMakeFiles/CMakeTmp/CheckSymbolExists.c
Linking C executable cmTC_11304
/usr/bin/cmake -E cmake_link_script CMakeFiles/cmTC_11304.dir/link.txt --verbose=1
/usr/bin/cc      CMakeFiles/cmTC_11304.dir/CheckSymbolExists.c.o  -o cmTC_11304 
CMakeFiles/cmTC_11304.dir/CheckSymbolExists.c.o: In function `main':
CheckSymbolExists.c:(.text+0x1b): undefined reference to `pthread_create'
collect2: error: ld returned 1 exit status
CMakeFiles/cmTC_11304.dir/build.make:97: recipe for target 'cmTC_11304' failed
make[1]: *** [cmTC_11304] Error 1
make[1]: Leaving directory '/home/yons/projects/realsense/CMakeFiles/CMakeTmp'
Makefile:126: recipe for target 'cmTC_11304/fast' failed
make: *** [cmTC_11304/fast] Error 2

File /home/yons/projects/realsense/CMakeFiles/CMakeTmp/CheckSymbolExists.c:
/* */
#include <pthread.h>

int main(int argc, char** argv)
{
  (void)argv;
#ifndef pthread_create
  return ((int*)(&pthread_create))[argc];
#else
  (void)argc;
  return 0;
#endif
}

Determining if the function pthread_create exists in the pthreads failed with the following output:
Change Dir: /home/yons/projects/realsense/CMakeFiles/CMakeTmp

Run Build Command:"/usr/bin/make" "cmTC_06142/fast"
/usr/bin/make -f CMakeFiles/cmTC_06142.dir/build.make CMakeFiles/cmTC_06142.dir/build
make[1]: Entering directory '/home/yons/projects/realsense/CMakeFiles/CMakeTmp'
Building C object CMakeFiles/cmTC_06142.dir/CheckFunctionExists.c.o
/usr/bin/cc   -DCHECK_FUNCTION_EXISTS=pthread_create   -o CMakeFiles/cmTC_06142.dir/CheckFunctionExists.c.o   -c /usr/share/cmake-3.10/Modules/CheckFunctionExists.c
Linking C executable cmTC_06142
/usr/bin/cmake -E cmake_link_script CMakeFiles/cmTC_06142.dir/link.txt --verbose=1
/usr/bin/cc  -DCHECK_FUNCTION_EXISTS=pthread_create    CMakeFiles/cmTC_06142.dir/CheckFunctionExists.c.o  -o cmTC_06142 -lpthreads 
/usr/bin/ld: cannot find -lpthreads
collect2: error: ld returned 1 exit status
CMakeFiles/cmTC_06142.dir/build.make:97: recipe for target 'cmTC_06142' failed
make[1]: *** [cmTC_06142] Error 1
make[1]: Leaving directory '/home/yons/projects/realsense/CMakeFiles/CMakeTmp'
Makefile:126: recipe for target 'cmTC_06142/fast' failed
make: *** [cmTC_06142/fast] Error 2


Determining if the pthread_create exist failed with the following output:
Change Dir: /home/yons/projects/realsense/CMakeFiles/CMakeTmp

Run Build Command:"/usr/bin/make" "cmTC_c3ddc/fast"
/usr/bin/make -f CMakeFiles/cmTC_c3ddc.dir/build.make CMakeFiles/cmTC_c3ddc.dir/build
make[1]: Entering directory '/home/yons/projects/realsense/CMakeFiles/CMakeTmp'
Building C object CMakeFiles/cmTC_c3ddc.dir/CheckSymbolExists.c.o
/usr/bin/cc    -o CMakeFiles/cmTC_c3ddc.dir/CheckSymbolExists.c.o   -c /home/yons/projects/realsense/CMakeFiles/CMakeTmp/CheckSymbolExists.c
Linking C executable cmTC_c3ddc
/usr/bin/cmake -E cmake_link_script CMakeFiles/cmTC_c3ddc.dir/link.txt --verbose=1
/usr/bin/cc      CMakeFiles/cmTC_c3ddc.dir/CheckSymbolExists.c.o  -o cmTC_c3ddc 
CMakeFiles/cmTC_c3ddc.dir/CheckSymbolExists.c.o: In function `main':
CheckSymbolExists.c:(.text+0x1b): undefined reference to `pthread_create'
collect2: error: ld returned 1 exit status
CMakeFiles/cmTC_c3ddc.dir/build.make:97: recipe for target 'cmTC_c3ddc' failed
make[1]: *** [cmTC_c3ddc] Error 1
make[1]: Leaving directory '/home/yons/projects/realsense/CMakeFiles/CMakeTmp'
Makefile:126: recipe for target 'cmTC_c3ddc/fast' failed
make: *** [cmTC_c3ddc/fast] Error 2

File /home/yons/projects/realsense/CMakeFiles/CMakeTmp/CheckSymbolExists.c:
/* */
#include <pthread.h>

int main(int argc, char** argv)
{
  (void)argv;
#ifndef pthread_create
  return ((int*)(&pthread_create))[argc];
#else
  (void)argc;
  return 0;
#endif
}

Determining if the function pthread_create exists in the pthreads failed with the following output:
Change Dir: /home/yons/projects/realsense/CMakeFiles/CMakeTmp

Run Build Command:"/usr/bin/make" "cmTC_3d07b/fast"
/usr/bin/make -f CMakeFiles/cmTC_3d07b.dir/build.make CMakeFiles/cmTC_3d07b.dir/build
make[1]: Entering directory '/home/yons/projects/realsense/CMakeFiles/CMakeTmp'
Building C object CMakeFiles/cmTC_3d07b.dir/CheckFunctionExists.c.o
/usr/bin/cc   -DCHECK_FUNCTION_EXISTS=pthread_create   -o CMakeFiles/cmTC_3d07b.dir/CheckFunctionExists.c.o   -c /usr/share/cmake-3.10/Modules/CheckFunctionExists.c
Linking C executable cmTC_3d07b
/usr/bin/cmake -E cmake_link_script CMakeFiles/cmTC_3d07b.dir/link.txt --verbose=1
/usr/bin/cc  -DCHECK_FUNCTION_EXISTS=pthread_create    CMakeFiles/cmTC_3d07b.dir/CheckFunctionExists.c.o  -o cmTC_3d07b -lpthreads 
/usr/bin/ld: cannot find -lpthreads
collect2: error: ld returned 1 exit status
CMakeFiles/cmTC_3d07b.dir/build.make:97: recipe for target 'cmTC_3d07b' failed
make[1]: *** [cmTC_3d07b] Error 1
make[1]: Leaving directory '/home/yons/projects/realsense/CMakeFiles/CMakeTmp'
Makefile:126: recipe for target 'cmTC_3d07b/fast' failed
make: *** [cmTC_3d07b/fast] Error 2


